<?xml version="1.0" encoding="UTF-8"?>
<testng-results ignored="0" total="1" passed="1" failed="0" skipped="0">
  <reporter-output>
  </reporter-output>
  <suite started-at="2023-03-28T22:13:03 EDT" name="Default suite" finished-at="2023-03-28T22:13:38 EDT" duration-ms="35083">
    <groups>
    </groups>
    <test started-at="2023-03-28T22:13:03 EDT" name="Default test" finished-at="2023-03-28T22:13:38 EDT" duration-ms="35083">
      <class name="PrabhjotSinghMaini.AppiumScore">
        <test-method signature="AppiumTest()[pri:0, instance:PrabhjotSinghMaini.AppiumScore@1725dc0f]" started-at="2023-03-28T22:13:03 EDT" name="AppiumTest" finished-at="2023-03-28T22:13:38 EDT" duration-ms="34643" status="PASS">
          <reporter-output>
          </reporter-output>
        </test-method> <!-- AppiumTest -->
        <test-method is-config="true" signature="tearDown()[pri:0, instance:PrabhjotSinghMaini.AppiumScore@1725dc0f]" started-at="2023-03-28T22:13:38 EDT" name="tearDown" finished-at="2023-03-28T22:13:38 EDT" duration-ms="405" status="PASS">
          <reporter-output>
          </reporter-output>
        </test-method> <!-- tearDown -->
      </class> <!-- PrabhjotSinghMaini.AppiumScore -->
    </test> <!-- Default test -->
  </suite> <!-- Default suite -->
</testng-results>
